<?xml version="1.0" encoding="UTF-8"?>
<!-- Generated by org.testng.reporters.JUnitReportReporter -->
<testsuite hostname="RAHUL" failures="0" tests="1" name="practice2.BodyAndHeaderWithoutUsingID" time="3.610" errors="0" timestamp="2024-10-07T13:11:18 IST" skipped="0">
  <testcase classname="practice2.BodyAndHeaderWithoutUsingID" name="printJsonFields_Approach5" time="3.610"/>
  <system-out/>
</testsuite> <!-- practice2.BodyAndHeaderWithoutUsingID -->
