<?xml version="1.0" encoding="UTF-8"?>
<!-- Generated by org.testng.reporters.JUnitReportReporter -->
<testsuite hostname="RAHUL" failures="0" tests="1" name="responsebodyValidations.PrintAllFirstNameInAnArray" time="1.306" errors="0" timestamp="2024-09-08T15:48:11 IST" skipped="0">
  <testcase classname="responsebodyValidations.PrintAllFirstNameInAnArray" name="printFirstNames" time="1.306"/>
</testsuite> <!-- responsebodyValidations.PrintAllFirstNameInAnArray -->
