<?xml version="1.0" encoding="UTF-8"?>
<!-- Generated by org.testng.reporters.JUnitReportReporter -->
<testsuite hostname="RAHUL" failures="0" tests="1" name="pathAndQueryParameter.PathAndQueryParameter" time="2.675" errors="0" timestamp="2024-08-29T20:33:42 IST" skipped="0">
  <testcase classname="pathAndQueryParameter.PathAndQueryParameter" name="testPathAndQueryParameter" time="2.675"/>
</testsuite> <!-- pathAndQueryParameter.PathAndQueryParameter -->
