<?xml version="1.0" encoding="UTF-8"?>
<!-- Generated by org.testng.reporters.JUnitReportReporter -->
<testsuite hostname="RAHUL" failures="0" tests="1" name="responceValidations.HeaderValidation" time="2.056" errors="0" timestamp="2024-09-08T13:06:26 IST" skipped="0">
  <testcase classname="responceValidations.HeaderValidation" name="headerValidation" time="2.056"/>
</testsuite> <!-- responceValidations.HeaderValidation -->
