<?xml version="1.0" encoding="UTF-8"?>
<!-- Generated by org.testng.reporters.JUnitReportReporter -->
<testsuite hostname="RAHUL" failures="0" tests="1" name="responceValidations.AllLogs" time="2.067" errors="0" timestamp="2024-09-08T13:43:24 IST" skipped="0">
  <testcase classname="responceValidations.AllLogs" name="allLogs" time="2.067"/>
</testsuite> <!-- responceValidations.AllLogs -->
