<?xml version="1.0" encoding="UTF-8"?>
<!-- Generated by org.testng.reporters.JUnitReportReporter -->
<testsuite hostname="RAHUL" failures="0" tests="3" name="responsebodyValidations.ValidatingDataTypes" time="1.844" errors="0" timestamp="2024-09-08T15:33:59 IST" skipped="0">
  <testcase classname="responsebodyValidations.ValidatingDataTypes" name="email" time="0.101"/>
  <testcase classname="responsebodyValidations.ValidatingDataTypes" name="dataTypeValidation" time="1.649"/>
  <testcase classname="responsebodyValidations.ValidatingDataTypes" name="last_name" time="0.094"/>
</testsuite> <!-- responsebodyValidations.ValidatingDataTypes -->
