<?xml version="1.0" encoding="UTF-8"?>
<!-- Generated by org.testng.reporters.JUnitReportReporter -->
<testsuite hostname="RAHUL" failures="0" tests="1" name="practice1.StatusCodeValidation" time="1.840" errors="0" timestamp="2024-09-22T00:01:34 IST" skipped="0">
  <testcase classname="practice1.StatusCodeValidation" name="Approach2" time="1.840"/>
</testsuite> <!-- practice1.StatusCodeValidation -->
