<?xml version="1.0" encoding="UTF-8"?>
<!-- Generated by org.testng.reporters.JUnitReportReporter -->
<testsuite hostname="RAHUL" failures="0" tests="1" name="howManyWaysToCreateRequestBody.UsingHasMap" time="3.434" errors="0" timestamp="2024-08-29T14:24:56 IST" skipped="0">
  <testcase classname="howManyWaysToCreateRequestBody.UsingHasMap" name="postUsingHashMap" time="3.434"/>
</testsuite> <!-- howManyWaysToCreateRequestBody.UsingHasMap -->
