<?xml version="1.0" encoding="UTF-8"?>
<!-- Generated by org.testng.reporters.JUnitReportReporter -->
<testsuite hostname="RAHUL" failures="0" tests="4" name="basicValidations.BasicRequests3" time="3.027" errors="0" timestamp="2024-09-08T11:38:25 IST" skipped="0">
  <testcase classname="basicValidations.BasicRequests3" name="putRequest" time="0.406"/>
  <testcase classname="basicValidations.BasicRequests3" name="deleteRequest" time="1.552"/>
  <testcase classname="basicValidations.BasicRequests3" name="getRequest" time="0.112"/>
  <testcase classname="basicValidations.BasicRequests3" name="postRequest" time="0.957"/>
</testsuite> <!-- basicValidations.BasicRequests3 -->
