<?xml version="1.0" encoding="UTF-8"?>
<!-- Generated by org.testng.reporters.JUnitReportReporter -->
<testsuite hostname="RAHUL" failures="0" tests="1" name="howManyWaysToCreateRequestBody.TestClass" time="0.013" errors="0" timestamp="2024-09-06T17:31:04 IST" skipped="0">
  <testcase classname="howManyWaysToCreateRequestBody.TestClass" name="usingPOJOClass" time="0.013"/>
</testsuite> <!-- howManyWaysToCreateRequestBody.TestClass -->
