<?xml version="1.0" encoding="UTF-8"?>
<!-- Generated by org.testng.reporters.JUnitReportReporter -->
<testsuite hostname="RAHUL" failures="0" tests="1" name="basicValidations.BasicRequests2" time="1.550" errors="0" timestamp="2024-09-08T11:15:58 IST" skipped="0">
  <testcase classname="basicValidations.BasicRequests2" name="deleteUser" time="1.550"/>
</testsuite> <!-- basicValidations.BasicRequests2 -->
