<?xml version="1.0" encoding="UTF-8"?>
<!-- Generated by org.testng.reporters.JUnitReportReporter -->
<testsuite hostname="RAHUL" failures="0" tests="1" name="practice1.API_Chaining_WithinClass" time="1.889" errors="0" timestamp="2024-09-22T00:58:03 IST" skipped="0">
  <testcase classname="practice1.API_Chaining_WithinClass" name="createUser" time="1.889"/>
  <system-out/>
</testsuite> <!-- practice1.API_Chaining_WithinClass -->
