<?xml version="1.0" encoding="UTF-8"?>
<!-- Generated by org.testng.reporters.JUnitReportReporter -->
<testsuite hostname="RAHUL" failures="0" tests="1" name="cookiesAndHeaders.MultipleCookies" time="2.561" errors="0" timestamp="2024-08-29T22:25:37 IST" skipped="0">
  <testcase classname="cookiesAndHeaders.MultipleCookies" name="getCookiesInfo" time="2.561"/>
</testsuite> <!-- cookiesAndHeaders.MultipleCookies -->
