<?xml version="1.0" encoding="UTF-8"?>
<!-- Generated by org.testng.reporters.JUnitReportReporter -->
<testsuite hostname="RAHUL" failures="0" tests="1" name="responsebodyValidations.NormalWay" time="1.298" errors="0" timestamp="2024-09-08T17:31:20 IST" skipped="0">
  <testcase classname="responsebodyValidations.NormalWay" name="compareOneNameWithAll" time="1.298"/>
</testsuite> <!-- responsebodyValidations.NormalWay -->
