<?xml version="1.0" encoding="UTF-8"?>
<!-- Generated by org.testng.reporters.JUnitReportReporter -->
<testsuite hostname="RAHUL" failures="0" tests="4" name="basicValidations.BasicRequests1" time="3.115" errors="0" timestamp="2024-09-06T11:51:16 IST" skipped="0">
  <testcase classname="basicValidations.BasicRequests1" name="getUser" time="1.653"/>
  <testcase classname="basicValidations.BasicRequests1" name="createUser" time="0.640"/>
  <testcase classname="basicValidations.BasicRequests1" name="updateUser" time="0.419"/>
  <testcase classname="basicValidations.BasicRequests1" name="deleteUser" time="0.403"/>
</testsuite> <!-- basicValidations.BasicRequests1 -->
