<?xml version="1.0" encoding="UTF-8"?>
<!-- Generated by org.testng.reporters.JUnitReportReporter -->
<testsuite hostname="RAHUL" failures="0" tests="2" name="practice3.StatusCodeValidation" time="3.289" errors="0" timestamp="2024-10-04T22:08:45 IST" skipped="0">
  <testcase classname="practice3.StatusCodeValidation" name="Approach2" time="1.029"/>
  <system-out/>
  <testcase classname="practice3.StatusCodeValidation" name="Approach1" time="2.260"/>
  <system-out/>
</testsuite> <!-- practice3.StatusCodeValidation -->
